# JRE version: OpenJDK Runtime Environment Temurin-17.0.10+7 (17.0.10+7) (build 17.0.10+7)
# Java VM: OpenJDK 64-Bit Server VM Temurin-17.0.10+7 (17.0.10+7, mixed mode, tiered, compressed oops, compressed class ptrs, parallel gc, windows-amd64)
GC Precious Log:
 CPUs: 16 total, 16 available
 Memory: 15741M
 Large Page Support: Disabled
 NUMA Support: Disabled
 Compressed Oops: Enabled (32-bit)
 Alignments: Space 512K, Generation 512K, Heap 2M
 Heap Min Capacity: 100M
 Heap Initial Capacity: 100M
 Heap Max Capacity: 1G
 Pre-touch: Disabled
 Parallel Workers: 13
Heap:
 PSYoungGen      total 3584K, used 896K [0x00000000eab00000, 0x00000000eaf80000, 0x0000000100000000)
  eden space 2560K, 0% used [0x00000000eab00000,0x00000000eab00000,0x00000000ead80000)
  from space 1024K, 87% used [0x00000000eae80000,0x00000000eaf60000,0x00000000eaf80000)
  to   space 1024K, 0% used [0x00000000ead80000,0x00000000ead80000,0x00000000eae80000)
 ParOldGen       total 123392K, used 122781K [0x00000000c0000000, 0x00000000c7880000, 0x00000000eab00000)
  object space 123392K, 99% used [0x00000000c0000000,0x00000000c77e75f8,0x00000000c7880000)
 Metaspace       used 98407K, committed 99712K, reserved 1179648K
  class space    used 10022K, committed 10624K, reserved 1048576K
GC Heap History (20 events):
Event: 1469.858 GC heap after
{Heap after GC invocations=3550 (full 66):
 PSYoungGen      total 3072K, used 832K [0x00000000eab00000, 0x00000000eaf00000, 0x0000000100000000)
  eden space 2048K, 0% used [0x00000000eab00000,0x00000000eab00000,0x00000000ead00000)
  from space 1024K, 81% used [0x00000000ead00000,0x00000000eadd0000,0x00000000eae00000)
  to   space 1024K, 0% used [0x00000000eae00000,0x00000000eae00000,0x00000000eaf00000)
 ParOldGen       total 123392K, used 118287K [0x00000000c0000000, 0x00000000c7880000, 0x00000000eab00000)
  object space 123392K, 95% used [0x00000000c0000000,0x00000000c7383e60,0x00000000c7880000)
 Metaspace       used 98399K, committed 99712K, reserved 1179648K
  class space    used 10022K, committed 10624K, reserved 1048576K
}
Event: 1469.871 GC heap before
{Heap before GC invocations=3551 (full 66):
 PSYoungGen      total 3072K, used 2880K [0x00000000eab00000, 0x00000000eaf00000, 0x0000000100000000)
  eden space 2048K, 100% used [0x00000000eab00000,0x00000000ead00000,0x00000000ead00000)
  from space 1024K, 81% used [0x00000000ead00000,0x00000000eadd0000,0x00000000eae00000)
  to   space 1024K, 0% used [0x00000000eae00000,0x00000000eae00000,0x00000000eaf00000)
 ParOldGen       total 123392K, used 118287K [0x00000000c0000000, 0x00000000c7880000, 0x00000000eab00000)
  object space 123392K, 95% used [0x00000000c0000000,0x00000000c7383e60,0x00000000c7880000)
 Metaspace       used 98401K, committed 99712K, reserved 1179648K
  class space    used 10022K, committed 10624K, reserved 1048576K
}
Event: 1469.874 GC heap after
{Heap after GC invocations=3551 (full 66):
 PSYoungGen      total 3072K, used 800K [0x00000000eab00000, 0x00000000eaf00000, 0x0000000100000000)
  eden space 2048K, 0% used [0x00000000eab00000,0x00000000eab00000,0x00000000ead00000)
  from space 1024K, 78% used [0x00000000eae00000,0x00000000eaec8000,0x00000000eaf00000)
  to   space 1024K, 0% used [0x00000000ead00000,0x00000000ead00000,0x00000000eae00000)
 ParOldGen       total 123392K, used 119079K [0x00000000c0000000, 0x00000000c7880000, 0x00000000eab00000)
  object space 123392K, 96% used [0x00000000c0000000,0x00000000c7449e80,0x00000000c7880000)
 Metaspace       used 98401K, committed 99712K, reserved 1179648K
  class space    used 10022K, committed 10624K, reserved 1048576K
}
Event: 1469.890 GC heap before
{Heap before GC invocations=3552 (full 66):
 PSYoungGen      total 3072K, used 2848K [0x00000000eab00000, 0x00000000eaf00000, 0x0000000100000000)
  eden space 2048K, 100% used [0x00000000eab00000,0x00000000ead00000,0x00000000ead00000)
  from space 1024K, 78% used [0x00000000eae00000,0x00000000eaec8000,0x00000000eaf00000)
  to   space 1024K, 0% used [0x00000000ead00000,0x00000000ead00000,0x00000000eae00000)
 ParOldGen       total 123392K, used 119079K [0x00000000c0000000, 0x00000000c7880000, 0x00000000eab00000)
  object space 123392K, 96% used [0x00000000c0000000,0x00000000c7449e80,0x00000000c7880000)
 Metaspace       used 98406K, committed 99712K, reserved 1179648K
  class space    used 10022K, committed 10624K, reserved 1048576K
}
Event: 1469.892 GC heap after
{Heap after GC invocations=3552 (full 66):
 PSYoungGen      total 3072K, used 336K [0x00000000eab00000, 0x00000000eae80000, 0x0000000100000000)
  eden space 2048K, 0% used [0x00000000eab00000,0x00000000eab00000,0x00000000ead00000)
  from space 1024K, 32% used [0x00000000ead00000,0x00000000ead54210,0x00000000eae00000)
  to   space 512K, 0% used [0x00000000eae00000,0x00000000eae00000,0x00000000eae80000)
 ParOldGen       total 123392K, used 119682K [0x00000000c0000000, 0x00000000c7880000, 0x00000000eab00000)
  object space 123392K, 96% used [0x00000000c0000000,0x00000000c74e0888,0x00000000c7880000)
 Metaspace       used 98406K, committed 99712K, reserved 1179648K
  class space    used 10022K, committed 10624K, reserved 1048576K
}
Event: 1470.825 GC heap before
{Heap before GC invocations=3553 (full 66):
 PSYoungGen      total 3072K, used 2384K [0x00000000eab00000, 0x00000000eae80000, 0x0000000100000000)
  eden space 2048K, 100% used [0x00000000eab00000,0x00000000ead00000,0x00000000ead00000)
  from space 1024K, 32% used [0x00000000ead00000,0x00000000ead54210,0x00000000eae00000)
  to   space 512K, 0% used [0x00000000eae00000,0x00000000eae00000,0x00000000eae80000)
 ParOldGen       total 123392K, used 119682K [0x00000000c0000000, 0x00000000c7880000, 0x00000000eab00000)
  object space 123392K, 96% used [0x00000000c0000000,0x00000000c74e0888,0x00000000c7880000)
 Metaspace       used 98406K, committed 99712K, reserved 1179648K
  class space    used 10022K, committed 10624K, reserved 1048576K
}
Event: 1470.826 GC heap after
{Heap after GC invocations=3553 (full 66):
 PSYoungGen      total 2560K, used 384K [0x00000000eab00000, 0x00000000eae80000, 0x0000000100000000)
  eden space 2048K, 0% used [0x00000000eab00000,0x00000000eab00000,0x00000000ead00000)
  from space 512K, 75% used [0x00000000eae00000,0x00000000eae60020,0x00000000eae80000)
  to   space 512K, 0% used [0x00000000ead80000,0x00000000ead80000,0x00000000eae00000)
 ParOldGen       total 123392K, used 119722K [0x00000000c0000000, 0x00000000c7880000, 0x00000000eab00000)
  object space 123392K, 97% used [0x00000000c0000000,0x00000000c74ea888,0x00000000c7880000)
 Metaspace       used 98406K, committed 99712K, reserved 1179648K
  class space    used 10022K, committed 10624K, reserved 1048576K
}
Event: 1470.830 GC heap before
{Heap before GC invocations=3554 (full 66):
 PSYoungGen      total 2560K, used 2432K [0x00000000eab00000, 0x00000000eae80000, 0x0000000100000000)
  eden space 2048K, 100% used [0x00000000eab00000,0x00000000ead00000,0x00000000ead00000)
  from space 512K, 75% used [0x00000000eae00000,0x00000000eae60020,0x00000000eae80000)
  to   space 512K, 0% used [0x00000000ead80000,0x00000000ead80000,0x00000000eae00000)
 ParOldGen       total 123392K, used 119722K [0x00000000c0000000, 0x00000000c7880000, 0x00000000eab00000)
  object space 123392K, 97% used [0x00000000c0000000,0x00000000c74ea888,0x00000000c7880000)
 Metaspace       used 98406K, committed 99712K, reserved 1179648K
  class space    used 10022K, committed 10624K, reserved 1048576K
}
Event: 1470.832 GC heap after
{Heap after GC invocations=3554 (full 66):
 PSYoungGen      total 2560K, used 466K [0x00000000eab00000, 0x00000000eae80000, 0x0000000100000000)
  eden space 2048K, 0% used [0x00000000eab00000,0x00000000eab00000,0x00000000ead00000)
  from space 512K, 91% used [0x00000000ead80000,0x00000000eadf4bb0,0x00000000eae00000)
  to   space 512K, 0% used [0x00000000eae00000,0x00000000eae00000,0x00000000eae80000)
 ParOldGen       total 123392K, used 119858K [0x00000000c0000000, 0x00000000c7880000, 0x00000000eab00000)
  object space 123392K, 97% used [0x00000000c0000000,0x00000000c750c8a8,0x00000000c7880000)
 Metaspace       used 98406K, committed 99712K, reserved 1179648K
  class space    used 10022K, committed 10624K, reserved 1048576K
}
Event: 1470.836 GC heap before
{Heap before GC invocations=3555 (full 66):
 PSYoungGen      total 2560K, used 2514K [0x00000000eab00000, 0x00000000eae80000, 0x0000000100000000)
  eden space 2048K, 100% used [0x00000000eab00000,0x00000000ead00000,0x00000000ead00000)
  from space 512K, 91% used [0x00000000ead80000,0x00000000eadf4bb0,0x00000000eae00000)
  to   space 512K, 0% used [0x00000000eae00000,0x00000000eae00000,0x00000000eae80000)
 ParOldGen       total 123392K, used 119858K [0x00000000c0000000, 0x00000000c7880000, 0x00000000eab00000)
  object space 123392K, 97% used [0x00000000c0000000,0x00000000c750c8a8,0x00000000c7880000)
 Metaspace       used 98406K, committed 99712K, reserved 1179648K
  class space    used 10022K, committed 10624K, reserved 1048576K
}
Event: 1470.838 GC heap after
{Heap after GC invocations=3555 (full 66):
 PSYoungGen      total 2048K, used 512K [0x00000000eab00000, 0x00000000eb000000, 0x0000000100000000)
  eden space 1536K, 0% used [0x00000000eab00000,0x00000000eab00000,0x00000000eac80000)
  from space 512K, 100% used [0x00000000eae00000,0x00000000eae80000,0x00000000eae80000)
  to   space 1536K, 0% used [0x00000000eac80000,0x00000000eac80000,0x00000000eae00000)
 ParOldGen       total 123392K, used 120406K [0x00000000c0000000, 0x00000000c7880000, 0x00000000eab00000)
  object space 123392K, 97% used [0x00000000c0000000,0x00000000c7595bd8,0x00000000c7880000)
 Metaspace       used 98406K, committed 99712K, reserved 1179648K
  class space    used 10022K, committed 10624K, reserved 1048576K
}
Event: 1470.844 GC heap before
{Heap before GC invocations=3556 (full 66):
 PSYoungGen      total 2048K, used 2048K [0x00000000eab00000, 0x00000000eb000000, 0x0000000100000000)
  eden space 1536K, 100% used [0x00000000eab00000,0x00000000eac80000,0x00000000eac80000)
  from space 512K, 100% used [0x00000000eae00000,0x00000000eae80000,0x00000000eae80000)
  to   space 1536K, 0% used [0x00000000eac80000,0x00000000eac80000,0x00000000eae00000)
 ParOldGen       total 123392K, used 120406K [0x00000000c0000000, 0x00000000c7880000, 0x00000000eab00000)
  object space 123392K, 97% used [0x00000000c0000000,0x00000000c7595bd8,0x00000000c7880000)
 Metaspace       used 98406K, committed 99712K, reserved 1179648K
  class space    used 10022K, committed 10624K, reserved 1048576K
}
Event: 1470.846 GC heap after
{Heap after GC invocations=3556 (full 66):
 PSYoungGen      total 3072K, used 768K [0x00000000eab00000, 0x00000000eaf00000, 0x0000000100000000)
  eden space 1536K, 0% used [0x00000000eab00000,0x00000000eab00000,0x00000000eac80000)
  from space 1536K, 50% used [0x00000000eac80000,0x00000000ead40000,0x00000000eae00000)
  to   space 1024K, 0% used [0x00000000eae00000,0x00000000eae00000,0x00000000eaf00000)
 ParOldGen       total 123392K, used 120958K [0x00000000c0000000, 0x00000000c7880000, 0x00000000eab00000)
  object space 123392K, 98% used [0x00000000c0000000,0x00000000c761fbf8,0x00000000c7880000)
 Metaspace       used 98406K, committed 99712K, reserved 1179648K
  class space    used 10022K, committed 10624K, reserved 1048576K
}
Event: 1470.851 GC heap before
{Heap before GC invocations=3557 (full 66):
 PSYoungGen      total 3072K, used 2304K [0x00000000eab00000, 0x00000000eaf00000, 0x0000000100000000)
  eden space 1536K, 100% used [0x00000000eab00000,0x00000000eac80000,0x00000000eac80000)
  from space 1536K, 50% used [0x00000000eac80000,0x00000000ead40000,0x00000000eae00000)
  to   space 1024K, 0% used [0x00000000eae00000,0x00000000eae00000,0x00000000eaf00000)
 ParOldGen       total 123392K, used 120958K [0x00000000c0000000, 0x00000000c7880000, 0x00000000eab00000)
  object space 123392K, 98% used [0x00000000c0000000,0x00000000c761fbf8,0x00000000c7880000)
 Metaspace       used 98406K, committed 99712K, reserved 1179648K
  class space    used 10022K, committed 10624K, reserved 1048576K
}
Event: 1470.853 GC heap after
{Heap after GC invocations=3557 (full 66):
 PSYoungGen      total 3072K, used 642K [0x00000000eab00000, 0x00000000eaf00000, 0x0000000100000000)
  eden space 2048K, 0% used [0x00000000eab00000,0x00000000eab00000,0x00000000ead00000)
  from space 1024K, 62% used [0x00000000eae00000,0x00000000eaea0bc0,0x00000000eaf00000)
  to   space 1024K, 0% used [0x00000000ead00000,0x00000000ead00000,0x00000000eae00000)
 ParOldGen       total 123392K, used 121556K [0x00000000c0000000, 0x00000000c7880000, 0x00000000eab00000)
  object space 123392K, 98% used [0x00000000c0000000,0x00000000c76b5378,0x00000000c7880000)
 Metaspace       used 98406K, committed 99712K, reserved 1179648K
  class space    used 10022K, committed 10624K, reserved 1048576K
}
Event: 1470.859 GC heap before
{Heap before GC invocations=3558 (full 66):
 PSYoungGen      total 3072K, used 2690K [0x00000000eab00000, 0x00000000eaf00000, 0x0000000100000000)
  eden space 2048K, 100% used [0x00000000eab00000,0x00000000ead00000,0x00000000ead00000)
  from space 1024K, 62% used [0x00000000eae00000,0x00000000eaea0bc0,0x00000000eaf00000)
  to   space 1024K, 0% used [0x00000000ead00000,0x00000000ead00000,0x00000000eae00000)
 ParOldGen       total 123392K, used 121556K [0x00000000c0000000, 0x00000000c7880000, 0x00000000eab00000)
  object space 123392K, 98% used [0x00000000c0000000,0x00000000c76b5378,0x00000000c7880000)
 Metaspace       used 98406K, committed 99712K, reserved 1179648K
  class space    used 10022K, committed 10624K, reserved 1048576K
}
Event: 1470.860 GC heap after
{Heap after GC invocations=3558 (full 66):
 PSYoungGen      total 3072K, used 832K [0x00000000eab00000, 0x00000000eaf80000, 0x0000000100000000)
  eden space 2048K, 0% used [0x00000000eab00000,0x00000000eab00000,0x00000000ead00000)
  from space 1024K, 81% used [0x00000000ead00000,0x00000000eadd0000,0x00000000eae00000)
  to   space 1024K, 0% used [0x00000000eae80000,0x00000000eae80000,0x00000000eaf80000)
 ParOldGen       total 123392K, used 122013K [0x00000000c0000000, 0x00000000c7880000, 0x00000000eab00000)
  object space 123392K, 98% used [0x00000000c0000000,0x00000000c77275d8,0x00000000c7880000)
 Metaspace       used 98406K, committed 99712K, reserved 1179648K
  class space    used 10022K, committed 10624K, reserved 1048576K
}
Event: 1470.867 GC heap before
{Heap before GC invocations=3559 (full 66):
 PSYoungGen      total 3072K, used 2880K [0x00000000eab00000, 0x00000000eaf80000, 0x0000000100000000)
  eden space 2048K, 100% used [0x00000000eab00000,0x00000000ead00000,0x00000000ead00000)
  from space 1024K, 81% used [0x00000000ead00000,0x00000000eadd0000,0x00000000eae00000)
  to   space 1024K, 0% used [0x00000000eae80000,0x00000000eae80000,0x00000000eaf80000)
 ParOldGen       total 123392K, used 122013K [0x00000000c0000000, 0x00000000c7880000, 0x00000000eab00000)
  object space 123392K, 98% used [0x00000000c0000000,0x00000000c77275d8,0x00000000c7880000)
 Metaspace       used 98407K, committed 99712K, reserved 1179648K
  class space    used 10022K, committed 10624K, reserved 1048576K
}
Event: 1470.869 GC heap after
{Heap after GC invocations=3559 (full 66):
 PSYoungGen      total 3584K, used 896K [0x00000000eab00000, 0x00000000eaf80000, 0x0000000100000000)
  eden space 2560K, 0% used [0x00000000eab00000,0x00000000eab00000,0x00000000ead80000)
  from space 1024K, 87% used [0x00000000eae80000,0x00000000eaf60000,0x00000000eaf80000)
  to   space 1024K, 0% used [0x00000000ead80000,0x00000000ead80000,0x00000000eae80000)
 ParOldGen       total 123392K, used 122781K [0x00000000c0000000, 0x00000000c7880000, 0x00000000eab00000)
  object space 123392K, 99% used [0x00000000c0000000,0x00000000c77e75f8,0x00000000c7880000)
 Metaspace       used 98407K, committed 99712K, reserved 1179648K
  class space    used 10022K, committed 10624K, reserved 1048576K
}
Event: 1470.869 GC heap before
{Heap before GC invocations=3560 (full 67):
 PSYoungGen      total 3584K, used 896K [0x00000000eab00000, 0x00000000eaf80000, 0x0000000100000000)
  eden space 2560K, 0% used [0x00000000eab00000,0x00000000eab00000,0x00000000ead80000)
  from space 1024K, 87% used [0x00000000eae80000,0x00000000eaf60000,0x00000000eaf80000)
  to   space 1024K, 0% used [0x00000000ead80000,0x00000000ead80000,0x00000000eae80000)
 ParOldGen       total 123392K, used 122781K [0x00000000c0000000, 0x00000000c7880000, 0x00000000eab00000)
  object space 123392K, 99% used [0x00000000c0000000,0x00000000c77e75f8,0x00000000c7880000)
 Metaspace       used 98407K, committed 99712K, reserved 1179648K
  class space    used 10022K, committed 10624K, reserved 1048576K
}

