# JRE version: OpenJDK Runtime Environment Temurin-17.0.10+7 (17.0.10+7) (build 17.0.10+7)
# Java VM: OpenJDK 64-Bit Server VM Temurin-17.0.10+7 (17.0.10+7, mixed mode, tiered, compressed oops, compressed class ptrs, parallel gc, windows-amd64)
GC Precious Log:
 CPUs: 16 total, 16 available
 Memory: 15741M
 Large Page Support: Disabled
 NUMA Support: Disabled
 Compressed Oops: Enabled (32-bit)
 Alignments: Space 512K, Generation 512K, Heap 2M
 Heap Min Capacity: 100M
 Heap Initial Capacity: 100M
 Heap Max Capacity: 1G
 Pre-touch: Disabled
 Parallel Workers: 13
Heap:
 PSYoungGen      total 6144K, used 6144K [0x00000000eab00000, 0x00000000eb280000, 0x0000000100000000)
  eden space 5632K, 100% used [0x00000000eab00000,0x00000000eb080000,0x00000000eb080000)
  from space 512K, 100% used [0x00000000eb180000,0x00000000eb200000,0x00000000eb200000)
  to   space 512K, 0% used [0x00000000eb200000,0x00000000eb200000,0x00000000eb280000)
 ParOldGen       total 152576K, used 137814K [0x00000000c0000000, 0x00000000c9500000, 0x00000000eab00000)
  object space 152576K, 90% used [0x00000000c0000000,0x00000000c8695b50,0x00000000c9500000)
 Metaspace       used 105029K, committed 106304K, reserved 1179648K
  class space    used 10406K, committed 10944K, reserved 1048576K
GC Heap History (20 events):
Event: 2559.788 GC heap before
{Heap before GC invocations=14301 (full 444):
 PSYoungGen      total 5120K, used 1218K [0x00000000eab00000, 0x00000000eb180000, 0x0000000100000000)
  eden space 3584K, 0% used [0x00000000eab00000,0x00000000eab00000,0x00000000eae80000)
  from space 1536K, 79% used [0x00000000eae80000,0x00000000eafb0be0,0x00000000eb000000)
  to   space 1536K, 0% used [0x00000000eb000000,0x00000000eb000000,0x00000000eb180000)
 ParOldGen       total 152064K, used 151789K [0x00000000c0000000, 0x00000000c9480000, 0x00000000eab00000)
  object space 152064K, 99% used [0x00000000c0000000,0x00000000c943b4c8,0x00000000c9480000)
 Metaspace       used 104619K, committed 105920K, reserved 1179648K
  class space    used 10350K, committed 10944K, reserved 1048576K
}
Event: 2559.873 GC heap after
{Heap after GC invocations=14301 (full 444):
 PSYoungGen      total 5120K, used 0K [0x00000000eab00000, 0x00000000eb280000, 0x0000000100000000)
  eden space 3584K, 0% used [0x00000000eab00000,0x00000000eab00000,0x00000000eae80000)
  from space 1536K, 0% used [0x00000000eb000000,0x00000000eb000000,0x00000000eb180000)
  to   space 1536K, 0% used [0x00000000eae80000,0x00000000eae80000,0x00000000eb000000)
 ParOldGen       total 152576K, used 131296K [0x00000000c0000000, 0x00000000c9500000, 0x00000000eab00000)
  object space 152576K, 86% used [0x00000000c0000000,0x00000000c80381d0,0x00000000c9500000)
 Metaspace       used 104619K, committed 105920K, reserved 1179648K
  class space    used 10350K, committed 10944K, reserved 1048576K
}
Event: 2559.880 GC heap before
{Heap before GC invocations=14302 (full 444):
 PSYoungGen      total 5120K, used 3584K [0x00000000eab00000, 0x00000000eb280000, 0x0000000100000000)
  eden space 3584K, 100% used [0x00000000eab00000,0x00000000eae80000,0x00000000eae80000)
  from space 1536K, 0% used [0x00000000eb000000,0x00000000eb000000,0x00000000eb180000)
  to   space 1536K, 0% used [0x00000000eae80000,0x00000000eae80000,0x00000000eb000000)
 ParOldGen       total 152576K, used 131296K [0x00000000c0000000, 0x00000000c9500000, 0x00000000eab00000)
  object space 152576K, 86% used [0x00000000c0000000,0x00000000c80381d0,0x00000000c9500000)
 Metaspace       used 104619K, committed 105920K, reserved 1179648K
  class space    used 10350K, committed 10944K, reserved 1048576K
}
Event: 2559.880 GC heap after
{Heap after GC invocations=14302 (full 444):
 PSYoungGen      total 5120K, used 1328K [0x00000000eab00000, 0x00000000eb180000, 0x0000000100000000)
  eden space 3584K, 0% used [0x00000000eab00000,0x00000000eab00000,0x00000000eae80000)
  from space 1536K, 86% used [0x00000000eae80000,0x00000000eafcc010,0x00000000eb000000)
  to   space 1536K, 0% used [0x00000000eb000000,0x00000000eb000000,0x00000000eb180000)
 ParOldGen       total 152576K, used 131296K [0x00000000c0000000, 0x00000000c9500000, 0x00000000eab00000)
  object space 152576K, 86% used [0x00000000c0000000,0x00000000c80381d0,0x00000000c9500000)
 Metaspace       used 104619K, committed 105920K, reserved 1179648K
  class space    used 10350K, committed 10944K, reserved 1048576K
}
Event: 2570.525 GC heap before
{Heap before GC invocations=14303 (full 444):
 PSYoungGen      total 5120K, used 4912K [0x00000000eab00000, 0x00000000eb180000, 0x0000000100000000)
  eden space 3584K, 100% used [0x00000000eab00000,0x00000000eae80000,0x00000000eae80000)
  from space 1536K, 86% used [0x00000000eae80000,0x00000000eafcc010,0x00000000eb000000)
  to   space 1536K, 0% used [0x00000000eb000000,0x00000000eb000000,0x00000000eb180000)
 ParOldGen       total 152576K, used 131296K [0x00000000c0000000, 0x00000000c9500000, 0x00000000eab00000)
  object space 152576K, 86% used [0x00000000c0000000,0x00000000c80381d0,0x00000000c9500000)
 Metaspace       used 104630K, committed 105920K, reserved 1179648K
  class space    used 10350K, committed 10944K, reserved 1048576K
}
Event: 2570.526 GC heap after
{Heap after GC invocations=14303 (full 444):
 PSYoungGen      total 5120K, used 917K [0x00000000eab00000, 0x00000000eb180000, 0x0000000100000000)
  eden space 3584K, 0% used [0x00000000eab00000,0x00000000eab00000,0x00000000eae80000)
  from space 1536K, 59% used [0x00000000eb000000,0x00000000eb0e5620,0x00000000eb180000)
  to   space 1536K, 0% used [0x00000000eae80000,0x00000000eae80000,0x00000000eb000000)
 ParOldGen       total 152576K, used 131648K [0x00000000c0000000, 0x00000000c9500000, 0x00000000eab00000)
  object space 152576K, 86% used [0x00000000c0000000,0x00000000c80901d0,0x00000000c9500000)
 Metaspace       used 104630K, committed 105920K, reserved 1179648K
  class space    used 10350K, committed 10944K, reserved 1048576K
}
Event: 2570.532 GC heap before
{Heap before GC invocations=14304 (full 444):
 PSYoungGen      total 5120K, used 4501K [0x00000000eab00000, 0x00000000eb180000, 0x0000000100000000)
  eden space 3584K, 100% used [0x00000000eab00000,0x00000000eae80000,0x00000000eae80000)
  from space 1536K, 59% used [0x00000000eb000000,0x00000000eb0e5620,0x00000000eb180000)
  to   space 1536K, 0% used [0x00000000eae80000,0x00000000eae80000,0x00000000eb000000)
 ParOldGen       total 152576K, used 131648K [0x00000000c0000000, 0x00000000c9500000, 0x00000000eab00000)
  object space 152576K, 86% used [0x00000000c0000000,0x00000000c80901d0,0x00000000c9500000)
 Metaspace       used 104630K, committed 105920K, reserved 1179648K
  class space    used 10350K, committed 10944K, reserved 1048576K
}
Event: 2570.534 GC heap after
{Heap after GC invocations=14304 (full 444):
 PSYoungGen      total 5120K, used 1536K [0x00000000eab00000, 0x00000000eb880000, 0x0000000100000000)
  eden space 3584K, 0% used [0x00000000eab00000,0x00000000eab00000,0x00000000eae80000)
  from space 1536K, 100% used [0x00000000eae80000,0x00000000eb000000,0x00000000eb000000)
  to   space 5120K, 0% used [0x00000000eb380000,0x00000000eb380000,0x00000000eb880000)
 ParOldGen       total 152576K, used 134371K [0x00000000c0000000, 0x00000000c9500000, 0x00000000eab00000)
  object space 152576K, 88% used [0x00000000c0000000,0x00000000c8338c70,0x00000000c9500000)
 Metaspace       used 104630K, committed 105920K, reserved 1179648K
  class space    used 10350K, committed 10944K, reserved 1048576K
}
Event: 2570.541 GC heap before
{Heap before GC invocations=14305 (full 444):
 PSYoungGen      total 5120K, used 5120K [0x00000000eab00000, 0x00000000eb880000, 0x0000000100000000)
  eden space 3584K, 100% used [0x00000000eab00000,0x00000000eae80000,0x00000000eae80000)
  from space 1536K, 100% used [0x00000000eae80000,0x00000000eb000000,0x00000000eb000000)
  to   space 5120K, 0% used [0x00000000eb380000,0x00000000eb380000,0x00000000eb880000)
 ParOldGen       total 152576K, used 134371K [0x00000000c0000000, 0x00000000c9500000, 0x00000000eab00000)
  object space 152576K, 88% used [0x00000000c0000000,0x00000000c8338c70,0x00000000c9500000)
 Metaspace       used 104630K, committed 105920K, reserved 1179648K
  class space    used 10350K, committed 10944K, reserved 1048576K
}
Event: 2570.544 GC heap after
{Heap after GC invocations=14305 (full 444):
 PSYoungGen      total 6656K, used 1762K [0x00000000eab00000, 0x00000000eb580000, 0x0000000100000000)
  eden space 4608K, 0% used [0x00000000eab00000,0x00000000eab00000,0x00000000eaf80000)
  from space 2048K, 86% used [0x00000000eb380000,0x00000000eb538bc0,0x00000000eb580000)
  to   space 3072K, 0% used [0x00000000eaf80000,0x00000000eaf80000,0x00000000eb280000)
 ParOldGen       total 152576K, used 135963K [0x00000000c0000000, 0x00000000c9500000, 0x00000000eab00000)
  object space 152576K, 89% used [0x00000000c0000000,0x00000000c84c6c70,0x00000000c9500000)
 Metaspace       used 104630K, committed 105920K, reserved 1179648K
  class space    used 10350K, committed 10944K, reserved 1048576K
}
Event: 2570.552 GC heap before
{Heap before GC invocations=14306 (full 444):
 PSYoungGen      total 6656K, used 6370K [0x00000000eab00000, 0x00000000eb580000, 0x0000000100000000)
  eden space 4608K, 100% used [0x00000000eab00000,0x00000000eaf80000,0x00000000eaf80000)
  from space 2048K, 86% used [0x00000000eb380000,0x00000000eb538bc0,0x00000000eb580000)
  to   space 3072K, 0% used [0x00000000eaf80000,0x00000000eaf80000,0x00000000eb280000)
 ParOldGen       total 152576K, used 135963K [0x00000000c0000000, 0x00000000c9500000, 0x00000000eab00000)
  object space 152576K, 89% used [0x00000000c0000000,0x00000000c84c6c70,0x00000000c9500000)
 Metaspace       used 104630K, committed 105920K, reserved 1179648K
  class space    used 10350K, committed 10944K, reserved 1048576K
}
Event: 2570.553 GC heap after
{Heap after GC invocations=14306 (full 444):
 PSYoungGen      total 7680K, used 434K [0x00000000eab00000, 0x00000000eb400000, 0x0000000100000000)
  eden space 4608K, 0% used [0x00000000eab00000,0x00000000eab00000,0x00000000eaf80000)
  from space 3072K, 14% used [0x00000000eaf80000,0x00000000eafecbb0,0x00000000eb280000)
  to   space 1536K, 0% used [0x00000000eb280000,0x00000000eb280000,0x00000000eb400000)
 ParOldGen       total 152576K, used 136481K [0x00000000c0000000, 0x00000000c9500000, 0x00000000eab00000)
  object space 152576K, 89% used [0x00000000c0000000,0x00000000c85486b0,0x00000000c9500000)
 Metaspace       used 104630K, committed 105920K, reserved 1179648K
  class space    used 10350K, committed 10944K, reserved 1048576K
}
Event: 2570.559 GC heap before
{Heap before GC invocations=14307 (full 444):
 PSYoungGen      total 7680K, used 5042K [0x00000000eab00000, 0x00000000eb400000, 0x0000000100000000)
  eden space 4608K, 100% used [0x00000000eab00000,0x00000000eaf80000,0x00000000eaf80000)
  from space 3072K, 14% used [0x00000000eaf80000,0x00000000eafecbb0,0x00000000eb280000)
  to   space 1536K, 0% used [0x00000000eb280000,0x00000000eb280000,0x00000000eb400000)
 ParOldGen       total 152576K, used 136481K [0x00000000c0000000, 0x00000000c9500000, 0x00000000eab00000)
  object space 152576K, 89% used [0x00000000c0000000,0x00000000c85486b0,0x00000000c9500000)
 Metaspace       used 104630K, committed 105920K, reserved 1179648K
  class space    used 10350K, committed 10944K, reserved 1048576K
}
Event: 2570.561 GC heap after
{Heap after GC invocations=14307 (full 444):
 PSYoungGen      total 7168K, used 1074K [0x00000000eab00000, 0x00000000eb400000, 0x0000000100000000)
  eden space 5632K, 0% used [0x00000000eab00000,0x00000000eab00000,0x00000000eb080000)
  from space 1536K, 69% used [0x00000000eb280000,0x00000000eb38cbb0,0x00000000eb400000)
  to   space 1536K, 0% used [0x00000000eb100000,0x00000000eb100000,0x00000000eb280000)
 ParOldGen       total 152576K, used 136521K [0x00000000c0000000, 0x00000000c9500000, 0x00000000eab00000)
  object space 152576K, 89% used [0x00000000c0000000,0x00000000c85526b0,0x00000000c9500000)
 Metaspace       used 104630K, committed 105920K, reserved 1179648K
  class space    used 10350K, committed 10944K, reserved 1048576K
}
Event: 2575.150 GC heap before
{Heap before GC invocations=14308 (full 444):
 PSYoungGen      total 7168K, used 6706K [0x00000000eab00000, 0x00000000eb400000, 0x0000000100000000)
  eden space 5632K, 100% used [0x00000000eab00000,0x00000000eb080000,0x00000000eb080000)
  from space 1536K, 69% used [0x00000000eb280000,0x00000000eb38cbb0,0x00000000eb400000)
  to   space 1536K, 0% used [0x00000000eb100000,0x00000000eb100000,0x00000000eb280000)
 ParOldGen       total 152576K, used 136521K [0x00000000c0000000, 0x00000000c9500000, 0x00000000eab00000)
  object space 152576K, 89% used [0x00000000c0000000,0x00000000c85526b0,0x00000000c9500000)
 Metaspace       used 104630K, committed 105920K, reserved 1179648K
  class space    used 10350K, committed 10944K, reserved 1048576K
}
Event: 2575.151 GC heap after
{Heap after GC invocations=14308 (full 444):
 PSYoungGen      total 6656K, used 544K [0x00000000eab00000, 0x00000000eb300000, 0x0000000100000000)
  eden space 5632K, 0% used [0x00000000eab00000,0x00000000eab00000,0x00000000eb080000)
  from space 1024K, 53% used [0x00000000eb100000,0x00000000eb188000,0x00000000eb200000)
  to   space 1024K, 0% used [0x00000000eb200000,0x00000000eb200000,0x00000000eb300000)
 ParOldGen       total 152576K, used 137334K [0x00000000c0000000, 0x00000000c9500000, 0x00000000eab00000)
  object space 152576K, 90% used [0x00000000c0000000,0x00000000c861db50,0x00000000c9500000)
 Metaspace       used 104630K, committed 105920K, reserved 1179648K
  class space    used 10350K, committed 10944K, reserved 1048576K
}
Event: 9336.142 GC heap before
{Heap before GC invocations=14309 (full 444):
 PSYoungGen      total 6656K, used 6176K [0x00000000eab00000, 0x00000000eb300000, 0x0000000100000000)
  eden space 5632K, 100% used [0x00000000eab00000,0x00000000eb080000,0x00000000eb080000)
  from space 1024K, 53% used [0x00000000eb100000,0x00000000eb188000,0x00000000eb200000)
  to   space 1024K, 0% used [0x00000000eb200000,0x00000000eb200000,0x00000000eb300000)
 ParOldGen       total 152576K, used 137334K [0x00000000c0000000, 0x00000000c9500000, 0x00000000eab00000)
  object space 152576K, 90% used [0x00000000c0000000,0x00000000c861db50,0x00000000c9500000)
 Metaspace       used 104636K, committed 105984K, reserved 1179648K
  class space    used 10350K, committed 10944K, reserved 1048576K
}
Event: 9336.143 GC heap after
{Heap after GC invocations=14309 (full 444):
 PSYoungGen      total 6144K, used 320K [0x00000000eab00000, 0x00000000eb280000, 0x0000000100000000)
  eden space 5632K, 0% used [0x00000000eab00000,0x00000000eab00000,0x00000000eb080000)
  from space 512K, 62% used [0x00000000eb200000,0x00000000eb250000,0x00000000eb280000)
  to   space 512K, 0% used [0x00000000eb180000,0x00000000eb180000,0x00000000eb200000)
 ParOldGen       total 152576K, used 137686K [0x00000000c0000000, 0x00000000c9500000, 0x00000000eab00000)
  object space 152576K, 90% used [0x00000000c0000000,0x00000000c8675b50,0x00000000c9500000)
 Metaspace       used 104636K, committed 105984K, reserved 1179648K
  class space    used 10350K, committed 10944K, reserved 1048576K
}
Event: 9726.998 GC heap before
{Heap before GC invocations=14310 (full 444):
 PSYoungGen      total 6144K, used 5952K [0x00000000eab00000, 0x00000000eb280000, 0x0000000100000000)
  eden space 5632K, 100% used [0x00000000eab00000,0x00000000eb080000,0x00000000eb080000)
  from space 512K, 62% used [0x00000000eb200000,0x00000000eb250000,0x00000000eb280000)
  to   space 512K, 0% used [0x00000000eb180000,0x00000000eb180000,0x00000000eb200000)
 ParOldGen       total 152576K, used 137686K [0x00000000c0000000, 0x00000000c9500000, 0x00000000eab00000)
  object space 152576K, 90% used [0x00000000c0000000,0x00000000c8675b50,0x00000000c9500000)
 Metaspace       used 104850K, committed 106112K, reserved 1179648K
  class space    used 10385K, committed 10944K, reserved 1048576K
}
Event: 9727.000 GC heap after
{Heap after GC invocations=14310 (full 444):
 PSYoungGen      total 6144K, used 512K [0x00000000eab00000, 0x00000000eb280000, 0x0000000100000000)
  eden space 5632K, 0% used [0x00000000eab00000,0x00000000eab00000,0x00000000eb080000)
  from space 512K, 100% used [0x00000000eb180000,0x00000000eb200000,0x00000000eb200000)
  to   space 512K, 0% used [0x00000000eb200000,0x00000000eb200000,0x00000000eb280000)
 ParOldGen       total 152576K, used 137814K [0x00000000c0000000, 0x00000000c9500000, 0x00000000eab00000)
  object space 152576K, 90% used [0x00000000c0000000,0x00000000c8695b50,0x00000000c9500000)
 Metaspace       used 104850K, committed 106112K, reserved 1179648K
  class space    used 10385K, committed 10944K, reserved 1048576K
}

