# JRE version: OpenJDK Runtime Environment Temurin-17.0.11+9 (17.0.11+9) (build 17.0.11+9)
# Java VM: OpenJDK 64-Bit Server VM Temurin-17.0.11+9 (17.0.11+9, mixed mode, tiered, compressed oops, compressed class ptrs, parallel gc, windows-amd64)
GC Precious Log:
 CPUs: 16 total, 16 available
 Memory: 15741M
 Large Page Support: Disabled
 NUMA Support: Disabled
 Compressed Oops: Enabled (32-bit)
 Alignments: Space 512K, Generation 512K, Heap 2M
 Heap Min Capacity: 100M
 Heap Initial Capacity: 100M
 Heap Max Capacity: 1G
 Pre-touch: Disabled
 Parallel Workers: 13
Heap:
 PSYoungGen      total 11776K, used 3639K [0x00000000eab00000, 0x00000000ebc80000, 0x0000000100000000)
  eden space 7680K, 0% used [0x00000000eab00000,0x00000000eab00000,0x00000000eb280000)
  from space 4096K, 88% used [0x00000000eb880000,0x00000000ebc0df38,0x00000000ebc80000)
  to   space 4608K, 0% used [0x00000000eb380000,0x00000000eb380000,0x00000000eb800000)
 ParOldGen       total 207872K, used 206103K [0x00000000c0000000, 0x00000000ccb00000, 0x00000000eab00000)
  object space 207872K, 99% used [0x00000000c0000000,0x00000000cc945dc0,0x00000000ccb00000)
 Metaspace       used 108950K, committed 110400K, reserved 1179648K
  class space    used 10599K, committed 11264K, reserved 1048576K
GC Heap History (20 events):
Event: 11896.695 GC heap after
{Heap after GC invocations=21016 (full 608):
 PSYoungGen      total 8192K, used 1455K [0x00000000eab00000, 0x00000000eb680000, 0x0000000100000000)
  eden space 6656K, 0% used [0x00000000eab00000,0x00000000eab00000,0x00000000eb180000)
  from space 1536K, 94% used [0x00000000eb180000,0x00000000eb2ebd78,0x00000000eb300000)
  to   space 2048K, 0% used [0x00000000eb480000,0x00000000eb480000,0x00000000eb680000)
 ParOldGen       total 207872K, used 188389K [0x00000000c0000000, 0x00000000ccb00000, 0x00000000eab00000)
  object space 207872K, 90% used [0x00000000c0000000,0x00000000cb7f9708,0x00000000ccb00000)
 Metaspace       used 108949K, committed 110400K, reserved 1179648K
  class space    used 10599K, committed 11264K, reserved 1048576K
}
Event: 11896.718 GC heap before
{Heap before GC invocations=21017 (full 608):
 PSYoungGen      total 8192K, used 8111K [0x00000000eab00000, 0x00000000eb680000, 0x0000000100000000)
  eden space 6656K, 100% used [0x00000000eab00000,0x00000000eb180000,0x00000000eb180000)
  from space 1536K, 94% used [0x00000000eb180000,0x00000000eb2ebd78,0x00000000eb300000)
  to   space 2048K, 0% used [0x00000000eb480000,0x00000000eb480000,0x00000000eb680000)
 ParOldGen       total 207872K, used 188389K [0x00000000c0000000, 0x00000000ccb00000, 0x00000000eab00000)
  object space 207872K, 90% used [0x00000000c0000000,0x00000000cb7f9708,0x00000000ccb00000)
 Metaspace       used 108949K, committed 110400K, reserved 1179648K
  class space    used 10599K, committed 11264K, reserved 1048576K
}
Event: 11896.720 GC heap after
{Heap after GC invocations=21017 (full 608):
 PSYoungGen      total 8192K, used 404K [0x00000000eab00000, 0x00000000eb500000, 0x0000000100000000)
  eden space 7680K, 0% used [0x00000000eab00000,0x00000000eab00000,0x00000000eb280000)
  from space 512K, 79% used [0x00000000eb480000,0x00000000eb4e53a0,0x00000000eb500000)
  to   space 1024K, 0% used [0x00000000eb300000,0x00000000eb300000,0x00000000eb400000)
 ParOldGen       total 207872K, used 189478K [0x00000000c0000000, 0x00000000ccb00000, 0x00000000eab00000)
  object space 207872K, 91% used [0x00000000c0000000,0x00000000cb909918,0x00000000ccb00000)
 Metaspace       used 108949K, committed 110400K, reserved 1179648K
  class space    used 10599K, committed 11264K, reserved 1048576K
}
Event: 11896.771 GC heap before
{Heap before GC invocations=21018 (full 608):
 PSYoungGen      total 8192K, used 8084K [0x00000000eab00000, 0x00000000eb500000, 0x0000000100000000)
  eden space 7680K, 100% used [0x00000000eab00000,0x00000000eb280000,0x00000000eb280000)
  from space 512K, 79% used [0x00000000eb480000,0x00000000eb4e53a0,0x00000000eb500000)
  to   space 1024K, 0% used [0x00000000eb300000,0x00000000eb300000,0x00000000eb400000)
 ParOldGen       total 207872K, used 189478K [0x00000000c0000000, 0x00000000ccb00000, 0x00000000eab00000)
  object space 207872K, 91% used [0x00000000c0000000,0x00000000cb909918,0x00000000ccb00000)
 Metaspace       used 108949K, committed 110400K, reserved 1179648K
  class space    used 10599K, committed 11264K, reserved 1048576K
}
Event: 11896.773 GC heap after
{Heap after GC invocations=21018 (full 608):
 PSYoungGen      total 9216K, used 996K [0x00000000eab00000, 0x00000000eb780000, 0x0000000100000000)
  eden space 8192K, 0% used [0x00000000eab00000,0x00000000eab00000,0x00000000eb300000)
  from space 1024K, 97% used [0x00000000eb300000,0x00000000eb3f93b0,0x00000000eb400000)
  to   space 2048K, 0% used [0x00000000eb580000,0x00000000eb580000,0x00000000eb780000)
 ParOldGen       total 207872K, used 190126K [0x00000000c0000000, 0x00000000ccb00000, 0x00000000eab00000)
  object space 207872K, 91% used [0x00000000c0000000,0x00000000cb9ab938,0x00000000ccb00000)
 Metaspace       used 108949K, committed 110400K, reserved 1179648K
  class space    used 10599K, committed 11264K, reserved 1048576K
}
Event: 11896.799 GC heap before
{Heap before GC invocations=21019 (full 608):
 PSYoungGen      total 9216K, used 9188K [0x00000000eab00000, 0x00000000eb780000, 0x0000000100000000)
  eden space 8192K, 100% used [0x00000000eab00000,0x00000000eb300000,0x00000000eb300000)
  from space 1024K, 97% used [0x00000000eb300000,0x00000000eb3f93b0,0x00000000eb400000)
  to   space 2048K, 0% used [0x00000000eb580000,0x00000000eb580000,0x00000000eb780000)
 ParOldGen       total 207872K, used 190126K [0x00000000c0000000, 0x00000000ccb00000, 0x00000000eab00000)
  object space 207872K, 91% used [0x00000000c0000000,0x00000000cb9ab938,0x00000000ccb00000)
 Metaspace       used 108949K, committed 110400K, reserved 1179648K
  class space    used 10599K, committed 11264K, reserved 1048576K
}
Event: 11896.803 GC heap after
{Heap after GC invocations=21019 (full 608):
 PSYoungGen      total 8192K, used 2036K [0x00000000eab00000, 0x00000000ebd80000, 0x0000000100000000)
  eden space 6144K, 0% used [0x00000000eab00000,0x00000000eab00000,0x00000000eb100000)
  from space 2048K, 99% used [0x00000000eb580000,0x00000000eb77d3a0,0x00000000eb780000)
  to   space 4608K, 0% used [0x00000000eb100000,0x00000000eb100000,0x00000000eb580000)
 ParOldGen       total 207872K, used 191885K [0x00000000c0000000, 0x00000000ccb00000, 0x00000000eab00000)
  object space 207872K, 92% used [0x00000000c0000000,0x00000000cbb63638,0x00000000ccb00000)
 Metaspace       used 108949K, committed 110400K, reserved 1179648K
  class space    used 10599K, committed 11264K, reserved 1048576K
}
Event: 11898.101 GC heap before
{Heap before GC invocations=21020 (full 608):
 PSYoungGen      total 8192K, used 8180K [0x00000000eab00000, 0x00000000ebd80000, 0x0000000100000000)
  eden space 6144K, 99% used [0x00000000eab00000,0x00000000eb0fffe0,0x00000000eb100000)
  from space 2048K, 99% used [0x00000000eb580000,0x00000000eb77d3a0,0x00000000eb780000)
  to   space 4608K, 0% used [0x00000000eb100000,0x00000000eb100000,0x00000000eb580000)
 ParOldGen       total 207872K, used 191885K [0x00000000c0000000, 0x00000000ccb00000, 0x00000000eab00000)
  object space 207872K, 92% used [0x00000000c0000000,0x00000000cbb63638,0x00000000ccb00000)
 Metaspace       used 108950K, committed 110400K, reserved 1179648K
  class space    used 10599K, committed 11264K, reserved 1048576K
}
Event: 11898.108 GC heap after
{Heap after GC invocations=21020 (full 608):
 PSYoungGen      total 8192K, used 1647K [0x00000000eab00000, 0x00000000eb600000, 0x0000000100000000)
  eden space 6144K, 0% used [0x00000000eab00000,0x00000000eab00000,0x00000000eb100000)
  from space 2048K, 80% used [0x00000000eb100000,0x00000000eb29bd98,0x00000000eb300000)
  to   space 2560K, 0% used [0x00000000eb380000,0x00000000eb380000,0x00000000eb600000)
 ParOldGen       total 207872K, used 194001K [0x00000000c0000000, 0x00000000ccb00000, 0x00000000eab00000)
  object space 207872K, 93% used [0x00000000c0000000,0x00000000cbd744c8,0x00000000ccb00000)
 Metaspace       used 108950K, committed 110400K, reserved 1179648K
  class space    used 10599K, committed 11264K, reserved 1048576K
}
Event: 11898.240 GC heap before
{Heap before GC invocations=21021 (full 608):
 PSYoungGen      total 8192K, used 7791K [0x00000000eab00000, 0x00000000eb600000, 0x0000000100000000)
  eden space 6144K, 100% used [0x00000000eab00000,0x00000000eb100000,0x00000000eb100000)
  from space 2048K, 80% used [0x00000000eb100000,0x00000000eb29bd98,0x00000000eb300000)
  to   space 2560K, 0% used [0x00000000eb380000,0x00000000eb380000,0x00000000eb600000)
 ParOldGen       total 207872K, used 194001K [0x00000000c0000000, 0x00000000ccb00000, 0x00000000eab00000)
  object space 207872K, 93% used [0x00000000c0000000,0x00000000cbd744c8,0x00000000ccb00000)
 Metaspace       used 108950K, committed 110400K, reserved 1179648K
  class space    used 10599K, committed 11264K, reserved 1048576K
}
Event: 11898.243 GC heap after
{Heap after GC invocations=21021 (full 608):
 PSYoungGen      total 7168K, used 2546K [0x00000000eab00000, 0x00000000eb900000, 0x0000000100000000)
  eden space 4608K, 0% used [0x00000000eab00000,0x00000000eab00000,0x00000000eaf80000)
  from space 2560K, 99% used [0x00000000eb380000,0x00000000eb5fcae0,0x00000000eb600000)
  to   space 4096K, 0% used [0x00000000eaf80000,0x00000000eaf80000,0x00000000eb380000)
 ParOldGen       total 207872K, used 194869K [0x00000000c0000000, 0x00000000ccb00000, 0x00000000eab00000)
  object space 207872K, 93% used [0x00000000c0000000,0x00000000cbe4d6b8,0x00000000ccb00000)
 Metaspace       used 108950K, committed 110400K, reserved 1179648K
  class space    used 10599K, committed 11264K, reserved 1048576K
}
Event: 11898.252 GC heap before
{Heap before GC invocations=21022 (full 608):
 PSYoungGen      total 7168K, used 7154K [0x00000000eab00000, 0x00000000eb900000, 0x0000000100000000)
  eden space 4608K, 99% used [0x00000000eab00000,0x00000000eaf7fff0,0x00000000eaf80000)
  from space 2560K, 99% used [0x00000000eb380000,0x00000000eb5fcae0,0x00000000eb600000)
  to   space 4096K, 0% used [0x00000000eaf80000,0x00000000eaf80000,0x00000000eb380000)
 ParOldGen       total 207872K, used 194869K [0x00000000c0000000, 0x00000000ccb00000, 0x00000000eab00000)
  object space 207872K, 93% used [0x00000000c0000000,0x00000000cbe4d6b8,0x00000000ccb00000)
 Metaspace       used 108950K, committed 110400K, reserved 1179648K
  class space    used 10599K, committed 11264K, reserved 1048576K
}
Event: 11898.255 GC heap after
{Heap after GC invocations=21022 (full 608):
 PSYoungGen      total 8704K, used 2981K [0x00000000eab00000, 0x00000000eb780000, 0x0000000100000000)
  eden space 4608K, 0% used [0x00000000eab00000,0x00000000eab00000,0x00000000eaf80000)
  from space 4096K, 72% used [0x00000000eaf80000,0x00000000eb269788,0x00000000eb380000)
  to   space 3584K, 0% used [0x00000000eb400000,0x00000000eb400000,0x00000000eb780000)
 ParOldGen       total 207872K, used 197267K [0x00000000c0000000, 0x00000000ccb00000, 0x00000000eab00000)
  object space 207872K, 94% used [0x00000000c0000000,0x00000000cc0a4c20,0x00000000ccb00000)
 Metaspace       used 108950K, committed 110400K, reserved 1179648K
  class space    used 10599K, committed 11264K, reserved 1048576K
}
Event: 11898.263 GC heap before
{Heap before GC invocations=21023 (full 608):
 PSYoungGen      total 8704K, used 7589K [0x00000000eab00000, 0x00000000eb780000, 0x0000000100000000)
  eden space 4608K, 99% used [0x00000000eab00000,0x00000000eaf7fff0,0x00000000eaf80000)
  from space 4096K, 72% used [0x00000000eaf80000,0x00000000eb269788,0x00000000eb380000)
  to   space 3584K, 0% used [0x00000000eb400000,0x00000000eb400000,0x00000000eb780000)
 ParOldGen       total 207872K, used 197267K [0x00000000c0000000, 0x00000000ccb00000, 0x00000000eab00000)
  object space 207872K, 94% used [0x00000000c0000000,0x00000000cc0a4c20,0x00000000ccb00000)
 Metaspace       used 108950K, committed 110400K, reserved 1179648K
  class space    used 10599K, committed 11264K, reserved 1048576K
}
Event: 11898.268 GC heap after
{Heap after GC invocations=21023 (full 608):
 PSYoungGen      total 8704K, used 2736K [0x00000000eab00000, 0x00000000eb700000, 0x0000000100000000)
  eden space 5632K, 0% used [0x00000000eab00000,0x00000000eab00000,0x00000000eb080000)
  from space 3072K, 89% used [0x00000000eb400000,0x00000000eb6ac168,0x00000000eb700000)
  to   space 3072K, 0% used [0x00000000eb100000,0x00000000eb100000,0x00000000eb400000)
 ParOldGen       total 207872K, used 200064K [0x00000000c0000000, 0x00000000ccb00000, 0x00000000eab00000)
  object space 207872K, 96% used [0x00000000c0000000,0x00000000cc360300,0x00000000ccb00000)
 Metaspace       used 108950K, committed 110400K, reserved 1179648K
  class space    used 10599K, committed 11264K, reserved 1048576K
}
Event: 11898.289 GC heap before
{Heap before GC invocations=21024 (full 608):
 PSYoungGen      total 8704K, used 8368K [0x00000000eab00000, 0x00000000eb700000, 0x0000000100000000)
  eden space 5632K, 100% used [0x00000000eab00000,0x00000000eb080000,0x00000000eb080000)
  from space 3072K, 89% used [0x00000000eb400000,0x00000000eb6ac168,0x00000000eb700000)
  to   space 3072K, 0% used [0x00000000eb100000,0x00000000eb100000,0x00000000eb400000)
 ParOldGen       total 207872K, used 200064K [0x00000000c0000000, 0x00000000ccb00000, 0x00000000eab00000)
  object space 207872K, 96% used [0x00000000c0000000,0x00000000cc360300,0x00000000ccb00000)
 Metaspace       used 108950K, committed 110400K, reserved 1179648K
  class space    used 10599K, committed 11264K, reserved 1048576K
}
Event: 11898.299 GC heap after
{Heap after GC invocations=21024 (full 608):
 PSYoungGen      total 9216K, used 3057K [0x00000000eab00000, 0x00000000ebf00000, 0x0000000100000000)
  eden space 6144K, 0% used [0x00000000eab00000,0x00000000eab00000,0x00000000eb100000)
  from space 3072K, 99% used [0x00000000eb100000,0x00000000eb3fc6f0,0x00000000eb400000)
  to   space 6656K, 0% used [0x00000000eb880000,0x00000000eb880000,0x00000000ebf00000)
 ParOldGen       total 207872K, used 202983K [0x00000000c0000000, 0x00000000ccb00000, 0x00000000eab00000)
  object space 207872K, 97% used [0x00000000c0000000,0x00000000cc639d68,0x00000000ccb00000)
 Metaspace       used 108950K, committed 110400K, reserved 1179648K
  class space    used 10599K, committed 11264K, reserved 1048576K
}
Event: 11898.309 GC heap before
{Heap before GC invocations=21025 (full 608):
 PSYoungGen      total 9216K, used 9201K [0x00000000eab00000, 0x00000000ebf00000, 0x0000000100000000)
  eden space 6144K, 100% used [0x00000000eab00000,0x00000000eb100000,0x00000000eb100000)
  from space 3072K, 99% used [0x00000000eb100000,0x00000000eb3fc6f0,0x00000000eb400000)
  to   space 6656K, 0% used [0x00000000eb880000,0x00000000eb880000,0x00000000ebf00000)
 ParOldGen       total 207872K, used 202983K [0x00000000c0000000, 0x00000000ccb00000, 0x00000000eab00000)
  object space 207872K, 97% used [0x00000000c0000000,0x00000000cc639d68,0x00000000ccb00000)
 Metaspace       used 108950K, committed 110400K, reserved 1179648K
  class space    used 10599K, committed 11264K, reserved 1048576K
}
Event: 11898.318 GC heap after
{Heap after GC invocations=21025 (full 608):
 PSYoungGen      total 11776K, used 3639K [0x00000000eab00000, 0x00000000ebc80000, 0x0000000100000000)
  eden space 7680K, 0% used [0x00000000eab00000,0x00000000eab00000,0x00000000eb280000)
  from space 4096K, 88% used [0x00000000eb880000,0x00000000ebc0df38,0x00000000ebc80000)
  to   space 4608K, 0% used [0x00000000eb380000,0x00000000eb380000,0x00000000eb800000)
 ParOldGen       total 207872K, used 206103K [0x00000000c0000000, 0x00000000ccb00000, 0x00000000eab00000)
  object space 207872K, 99% used [0x00000000c0000000,0x00000000cc945dc0,0x00000000ccb00000)
 Metaspace       used 108950K, committed 110400K, reserved 1179648K
  class space    used 10599K, committed 11264K, reserved 1048576K
}
Event: 11898.318 GC heap before
{Heap before GC invocations=21026 (full 609):
 PSYoungGen      total 11776K, used 3639K [0x00000000eab00000, 0x00000000ebc80000, 0x0000000100000000)
  eden space 7680K, 0% used [0x00000000eab00000,0x00000000eab00000,0x00000000eb280000)
  from space 4096K, 88% used [0x00000000eb880000,0x00000000ebc0df38,0x00000000ebc80000)
  to   space 4608K, 0% used [0x00000000eb380000,0x00000000eb380000,0x00000000eb800000)
 ParOldGen       total 207872K, used 206103K [0x00000000c0000000, 0x00000000ccb00000, 0x00000000eab00000)
  object space 207872K, 99% used [0x00000000c0000000,0x00000000cc945dc0,0x00000000ccb00000)
 Metaspace       used 108950K, committed 110400K, reserved 1179648K
  class space    used 10599K, committed 11264K, reserved 1048576K
}

